TN:
SF:src/api/billsApi/billsApi.ts
FN:8,(anonymous_8)
FN:20,(anonymous_9)
FN:20,(anonymous_10)
FN:24,(anonymous_11)
FNF:4
FNH:4
FNDA:3,(anonymous_8)
FNDA:1,(anonymous_9)
FNDA:1,(anonymous_10)
FNDA:1,(anonymous_11)
DA:1,1
DA:3,1
DA:6,1
DA:8,3
DA:20,1
DA:21,1
DA:22,1
DA:24,1
LF:8
LH:8
BRDA:9,0,0,3
BRDA:9,0,1,1
BRDA:10,1,0,3
BRDA:10,1,1,1
BRDA:11,2,0,3
BRDA:11,2,1,1
BRDA:13,3,0,2
BRDA:13,3,1,1
BRDA:13,4,0,3
BRDA:13,4,1,3
BRDA:16,5,0,3
BRDA:16,5,1,1
BRDA:17,6,0,3
BRDA:17,6,1,1
BRF:14
BRH:14
end_of_record
TN:
SF:src/components/BillModal/BillModal.tsx
FN:6,(anonymous_0)
FN:14,(anonymous_1)
FNF:2
FNH:2
FNDA:5,(anonymous_0)
FNDA:1,(anonymous_1)
DA:1,1
DA:2,1
DA:3,1
DA:6,1
DA:7,5
DA:8,5
DA:10,5
DA:14,1
DA:27,1
LF:9
LH:9
BRDA:19,0,0,5
BRDA:19,0,1,4
BRDA:20,1,0,5
BRDA:20,1,1,1
BRF:4
BRH:4
end_of_record
TN:
SF:src/components/BillTable/BillTable.style.tsx
FNF:0
FNH:0
DA:1,1
DA:2,1
DA:3,1
DA:5,1
DA:9,1
DA:13,1
DA:20,1
DA:24,1
LF:8
LH:8
BRF:0
BRH:0
end_of_record
TN:
SF:src/components/BillTable/BillTable.tsx
FN:12,(anonymous_1)
FN:26,(anonymous_2)
FN:31,(anonymous_3)
FN:57,(anonymous_4)
FN:58,(anonymous_5)
FN:64,(anonymous_6)
FN:81,(anonymous_7)
FN:87,(anonymous_8)
FNF:8
FNH:7
FNDA:10,(anonymous_1)
FNDA:0,(anonymous_2)
FNDA:1,(anonymous_3)
FNDA:20,(anonymous_4)
FNDA:2,(anonymous_5)
FNDA:1,(anonymous_6)
FNDA:1,(anonymous_7)
FNDA:1,(anonymous_8)
DA:2,1
DA:3,1
DA:4,1
DA:5,1
DA:6,1
DA:7,1
DA:8,1
DA:10,1
DA:12,1
DA:21,10
DA:22,10
DA:23,10
DA:26,10
DA:29,10
DA:31,10
DA:35,1
DA:36,1
DA:37,1
DA:40,10
DA:58,20
DA:65,1
DA:81,1
DA:87,1
DA:92,1
LF:24
LH:24
BRDA:26,0,0,0
BRDA:26,0,1,10
BRDA:69,1,0,1
BRDA:69,1,1,19
BRDA:87,2,0,10
BRDA:87,2,1,2
BRF:6
BRH:5
end_of_record
TN:
SF:src/pages/BillsPage/BillsPage.styles.ts
FNF:0
FNH:0
DA:1,1
DA:2,1
DA:5,1
DA:11,1
DA:15,1
DA:20,1
LF:6
LH:6
BRF:0
BRH:0
end_of_record
TN:
SF:src/pages/BillsPage/BillsPage.tsx
FN:8,(anonymous_1)
FN:17,(anonymous_2)
FN:18,(anonymous_3)
FN:19,(anonymous_4)
FN:25,(anonymous_5)
FN:43,(anonymous_6)
FNF:6
FNH:3
FNDA:8,(anonymous_1)
FNDA:0,(anonymous_2)
FNDA:0,(anonymous_3)
FNDA:0,(anonymous_4)
FNDA:12,(anonymous_5)
FNDA:3,(anonymous_6)
DA:1,1
DA:2,1
DA:3,1
DA:4,1
DA:5,1
DA:6,1
DA:8,1
DA:9,8
DA:10,8
DA:11,8
DA:12,8
DA:13,8
DA:15,8
DA:17,8
DA:18,0
DA:19,0
DA:21,0
DA:24,8
DA:25,12
DA:27,8
DA:28,1
DA:35,7
DA:36,1
DA:39,6
DA:44,3
DA:45,3
DA:80,1
LF:27
LH:24
BRDA:15,0,0,0
BRDA:19,1,0,0
BRDA:19,1,1,0
BRDA:27,2,0,1
BRDA:27,2,1,7
BRDA:35,3,0,1
BRDA:35,3,1,6
BRDA:53,4,0,6
BRDA:53,4,1,4
BRDA:61,5,0,4
BRDA:61,5,1,0
BRDA:64,6,0,6
BRDA:64,6,1,2
BRDA:72,7,0,2
BRDA:72,7,1,0
BRF:15
BRH:10
end_of_record
TN:
SF:src/shared/Dropdown/Dropdown.styles.ts
FNF:0
FNH:0
DA:1,2
DA:2,2
DA:4,2
LF:3
LH:3
BRF:0
BRH:0
end_of_record
TN:
SF:src/shared/Dropdown/Dropdown.tsx
FN:7,(anonymous_0)
FN:10,(anonymous_1)
FN:19,(anonymous_2)
FN:21,(anonymous_3)
FNF:4
FNH:4
FNDA:12,(anonymous_0)
FNDA:1,(anonymous_1)
FNDA:1,(anonymous_2)
FNDA:44,(anonymous_3)
DA:1,2
DA:3,2
DA:5,2
DA:7,2
DA:8,12
DA:10,12
DA:11,1
DA:13,12
DA:19,1
DA:22,44
DA:31,2
LF:11
LH:11
BRF:0
BRH:0
end_of_record
TN:
SF:src/shared/Header/Header.styles.ts
FNF:0
FNH:0
DA:1,1
DA:2,1
DA:9,1
DA:14,1
DA:19,1
DA:26,1
LF:6
LH:6
BRF:0
BRH:0
end_of_record
TN:
SF:src/shared/Header/Header.tsx
FN:6,(anonymous_0)
FN:11,(anonymous_1)
FN:15,(anonymous_2)
FN:19,(anonymous_3)
FNF:4
FNH:3
FNDA:11,(anonymous_0)
FNDA:5,(anonymous_1)
FNDA:0,(anonymous_2)
FNDA:2,(anonymous_3)
DA:1,1
DA:2,1
DA:3,1
DA:4,1
DA:6,1
DA:7,11
DA:8,11
DA:9,11
DA:11,11
DA:12,5
DA:15,11
DA:16,0
DA:19,11
DA:20,2
DA:21,2
DA:24,11
DA:51,1
LF:17
LH:16
BRDA:20,0,0,1
BRDA:20,0,1,1
BRDA:41,1,0,7
BRDA:41,1,1,4
BRF:4
BRH:4
end_of_record
TN:
SF:src/utils/constants.ts
FNF:0
FNH:0
DA:3,1
LF:1
LH:1
BRF:0
BRH:0
end_of_record
TN:
SF:src/utils/utils.ts
FN:3,combineSponsors
FN:4,(anonymous_1)
FNF:2
FNH:2
FNDA:2,combineSponsors
FNDA:4,(anonymous_1)
DA:3,1
DA:4,4
LF:2
LH:2
BRF:0
BRH:0
end_of_record
