TN:
SF:src/api/billsApi/billsApi.ts
FN:8,(anonymous_8)
FN:20,(anonymous_9)
FN:20,(anonymous_10)
FN:24,(anonymous_11)
FNF:4
FNH:4
FNDA:3,(anonymous_8)
FNDA:1,(anonymous_9)
FNDA:1,(anonymous_10)
FNDA:1,(anonymous_11)
DA:1,1
DA:3,1
DA:6,1
DA:8,3
DA:20,1
DA:21,1
DA:22,1
DA:24,1
LF:8
LH:8
BRDA:9,0,0,3
BRDA:9,0,1,1
BRDA:10,1,0,3
BRDA:10,1,1,1
BRDA:11,2,0,3
BRDA:11,2,1,1
BRDA:13,3,0,2
BRDA:13,3,1,1
BRDA:13,4,0,3
BRDA:13,4,1,3
BRDA:16,5,0,3
BRDA:16,5,1,1
BRDA:17,6,0,3
BRDA:17,6,1,1
BRF:14
BRH:14
end_of_record
TN:
SF:src/components/BillModal/BillModal.tsx
FN:18,(anonymous_0)
FN:26,(anonymous_1)
FNF:2
FNH:2
FNDA:5,(anonymous_0)
FNDA:1,(anonymous_1)
DA:1,1
DA:2,1
DA:3,1
DA:18,1
DA:19,5
DA:20,5
DA:22,5
DA:26,1
DA:39,1
LF:9
LH:9
BRDA:31,0,0,5
BRDA:31,0,1,4
BRDA:32,1,0,5
BRDA:32,1,1,1
BRF:4
BRH:4
end_of_record
TN:
SF:src/components/BillTable/BillTable.style.tsx
FNF:0
FNH:0
DA:1,1
DA:2,1
DA:3,1
DA:5,1
DA:9,1
DA:13,1
DA:20,1
DA:24,1
LF:8
LH:8
BRF:0
BRH:0
end_of_record
TN:
SF:src/components/BillTable/BillTable.tsx
FN:39,(anonymous_1)
FN:53,(anonymous_2)
FN:58,(anonymous_3)
FN:84,(anonymous_4)
FN:85,(anonymous_5)
FN:91,(anonymous_6)
FN:108,(anonymous_7)
FN:114,(anonymous_8)
FNF:8
FNH:7
FNDA:10,(anonymous_1)
FNDA:0,(anonymous_2)
FNDA:1,(anonymous_3)
FNDA:20,(anonymous_4)
FNDA:2,(anonymous_5)
FNDA:1,(anonymous_6)
FNDA:1,(anonymous_7)
FNDA:1,(anonymous_8)
DA:1,1
DA:2,1
DA:3,1
DA:4,1
DA:5,1
DA:6,1
DA:7,1
DA:9,1
DA:39,1
DA:48,10
DA:49,10
DA:50,10
DA:53,10
DA:56,10
DA:58,10
DA:62,1
DA:63,1
DA:64,1
DA:67,10
DA:85,20
DA:92,1
DA:108,1
DA:114,1
DA:119,1
LF:24
LH:24
BRDA:53,0,0,0
BRDA:53,0,1,10
BRDA:96,1,0,1
BRDA:96,1,1,19
BRDA:114,2,0,10
BRDA:114,2,1,2
BRF:6
BRH:5
end_of_record
TN:
SF:src/pages/BillsPage/BillsPage.styles.ts
FNF:0
FNH:0
DA:1,1
DA:2,1
DA:4,1
DA:10,1
DA:14,1
DA:19,1
LF:6
LH:6
BRF:0
BRH:0
end_of_record
TN:
SF:src/pages/BillsPage/BillsPage.tsx
FN:26,(anonymous_1)
FN:35,(anonymous_2)
FN:36,(anonymous_3)
FN:37,(anonymous_4)
FN:43,(anonymous_5)
FN:61,(anonymous_6)
FNF:6
FNH:3
FNDA:8,(anonymous_1)
FNDA:0,(anonymous_2)
FNDA:0,(anonymous_3)
FNDA:0,(anonymous_4)
FNDA:12,(anonymous_5)
FNDA:3,(anonymous_6)
DA:1,1
DA:2,1
DA:3,1
DA:4,1
DA:5,1
DA:6,1
DA:26,1
DA:27,8
DA:28,8
DA:29,8
DA:30,8
DA:31,8
DA:33,8
DA:35,8
DA:36,0
DA:37,0
DA:39,0
DA:42,8
DA:43,12
DA:45,8
DA:46,1
DA:53,7
DA:54,1
DA:57,6
DA:62,3
DA:63,3
DA:98,1
LF:27
LH:24
BRDA:33,0,0,0
BRDA:37,1,0,0
BRDA:37,1,1,0
BRDA:45,2,0,1
BRDA:45,2,1,7
BRDA:53,3,0,1
BRDA:53,3,1,6
BRDA:71,4,0,6
BRDA:71,4,1,4
BRDA:79,5,0,4
BRDA:79,5,1,0
BRDA:82,6,0,6
BRDA:82,6,1,2
BRDA:90,7,0,2
BRDA:90,7,1,0
BRF:15
BRH:10
end_of_record
TN:
SF:src/shared/Dropdown/Dropdown.styles.ts
FNF:0
FNH:0
DA:1,2
DA:2,2
DA:4,2
LF:3
LH:3
BRF:0
BRH:0
end_of_record
TN:
SF:src/shared/Dropdown/Dropdown.tsx
FN:24,(anonymous_0)
FN:27,(anonymous_1)
FN:36,(anonymous_2)
FN:38,(anonymous_3)
FNF:4
FNH:4
FNDA:12,(anonymous_0)
FNDA:1,(anonymous_1)
FNDA:1,(anonymous_2)
FNDA:44,(anonymous_3)
DA:1,2
DA:3,2
DA:5,2
DA:24,2
DA:25,12
DA:27,12
DA:28,1
DA:30,12
DA:36,1
DA:39,44
DA:48,2
LF:11
LH:11
BRF:0
BRH:0
end_of_record
TN:
SF:src/shared/Header/Header.styles.ts
FNF:0
FNH:0
DA:1,1
DA:2,1
DA:4,1
DA:9,1
DA:14,1
DA:21,1
LF:6
LH:6
BRF:0
BRH:0
end_of_record
TN:
SF:src/shared/Header/Header.tsx
FN:19,(anonymous_0)
FN:24,(anonymous_1)
FN:28,(anonymous_2)
FN:32,(anonymous_3)
FNF:4
FNH:3
FNDA:11,(anonymous_0)
FNDA:5,(anonymous_1)
FNDA:0,(anonymous_2)
FNDA:2,(anonymous_3)
DA:1,1
DA:2,1
DA:3,1
DA:4,1
DA:19,1
DA:20,11
DA:21,11
DA:22,11
DA:24,11
DA:25,5
DA:28,11
DA:29,0
DA:32,11
DA:33,2
DA:34,2
DA:37,11
DA:64,1
LF:17
LH:16
BRDA:33,0,0,1
BRDA:33,0,1,1
BRDA:54,1,0,7
BRDA:54,1,1,4
BRF:4
BRH:4
end_of_record
TN:
SF:src/utils/constants.ts
FNF:0
FNH:0
DA:3,1
LF:1
LH:1
BRF:0
BRH:0
end_of_record
TN:
SF:src/utils/utils.ts
FN:3,combineSponsors
FN:4,(anonymous_1)
FNF:2
FNH:2
FNDA:2,combineSponsors
FNDA:4,(anonymous_1)
DA:3,1
DA:4,4
LF:2
LH:2
BRF:0
BRH:0
end_of_record
